<?xml version="1.0" encoding="UTF-8"?>
<testng-results ignored="0" total="1" passed="1" failed="0" skipped="0">
  <reporter-output>
  </reporter-output>
  <suite started-at="2022-11-22T00:41:08 IST" name="Default suite" finished-at="2022-11-22T00:41:20 IST" duration-ms="12374">
    <groups>
    </groups>
    <test started-at="2022-11-22T00:41:08 IST" name="Default test" finished-at="2022-11-22T00:41:20 IST" duration-ms="12374">
      <class name="com.qa.framework.testcases.LoginTest">
        <test-method signature="loginTest()[pri:0, instance:com.qa.framework.testcases.LoginTest@2c1b194a]" started-at="2022-11-22T00:41:08 IST" name="loginTest" finished-at="2022-11-22T00:41:20 IST" duration-ms="12321" status="PASS">
          <reporter-output>
          </reporter-output>
        </test-method> <!-- loginTest -->
      </class> <!-- com.qa.framework.testcases.LoginTest -->
    </test> <!-- Default test -->
  </suite> <!-- Default suite -->
</testng-results>
